0000              1   ; Project 1
0000              2   ; CV-8052 microcontroller in DE10-Lite board
0000              3   
0000              4   ; ----------------------------------------------------------------------------------------------;
0000              5   ; Reset vector
0000              6   org 0x0000
0000 0209E2       7       ljmp main
0003              8   ; External interrupt 0 vector
0003              9   org 0x0003
0003 32          10            reti
0004             11   ; Timer/Counter 0 overflow interrupt vector
000B             12   org 0x000B
000B 0204CB      13            ljmp Timer0_ISR
000E             14   ; External interrupt 1 vector
0013             15   org 0x0013
0013 32          16            reti
0014             17   ; Timer/Counter 1 overflow interrupt vector
001B             18   org 0x001B
001B 32          19            reti
001C             20   ; Serial port receive/transmit interrupt vector
0023             21   org 0x0023 
0023 32          22            reti
0024             23   ; Timer/Counter 2 overflow interrupt vector
002B             24   org 0x002B
002B 020536      25            ljmp Timer2_ISR
002E             26   ; ----------------------------------------------------------------------------------------------;
002E             27   
002E             28   ; ----------------------------------------------------------------------------------------------;
002E             29   ; includes
                614   $LIST
                 33   $LIST
03D7             35   ; ----------------------------------------------------------------------------------------------;
03D7             36   
03D7             37   ; ----------------------------------------------------------------------------------------------;
03D7             38   ; Data Segment 0x30 -- 0x7F  (overall 79d bytes available)
0030             39   dseg at 0x30
0030             40   current_time_sec:     ds 1
0031             41   current_time_minute:  ds 1
0032             42   
0032             43   ; math32 buffer variables
0032             44   x:               ds      4
0036             45   y:               ds      4
003A             46   bcd:     ds      5
003F             47   
003F             48   current_temp: ds 4 ;
0043             49   soak_temp:    ds 4 ;
0047             50   reflow_temp:  ds 4 ;
004B             51   
004B             52   current_time: ds 4 ;
004F             53   soak_time:    ds 4 ;
0053             54   reflow_time:  ds 4 ;
0057             55   
0057             56   power_output:  ds 4 ;
005B             57   pwm_counter: ds 4 ; counter for pwm (0-1500)
005F             58   soak_temp_diff: ds 4 ; temperature difference between target soak temp and current oven temp 
0063             59   ; 47d bytes used
0063             60   
0063             61   KEY1_DEB_timer: ds 1
0064             62   SEC_FSM_timer:  ds 1
0065             63   KEY1_DEB_state:    ds 1
0066             64   SEC_FSM_state:      ds 1
0067             65   Control_FSM_state: ds 1
0068             66   
0068             67   proportional_gain_var: ds 4
006C             68   
006C             69   ; 46d bytes used
006C             70   ; ---------------------------------------------------------------------------------------------;
006C             71   
006C             72   ; ---------------------------------------------------------------------------------------------;
006C             73   ; bit operation setb, clr, jb, and jnb
0000             74   bseg
0000             75   mf:              dbit 1 ; math32 sign
0001             76   one_second_flag: dbit 1
0002             77   one_millisecond_flag: dbit 1 ; one_millisecond_flag for pwm signal
0003             78   
0003             79   soak_temp_reached: dbit 1
0004             80   reflow_temp_reached: dbit 1
0005             81   cooling_temp_reached: dbit 1
0006             82   
0006             83   soak_time_reached: dbit 1
0007             84   reflow_time_reached: dbit 1
0008             85   
0008             86   reset_signal: dbit 1
0009             87   stop_signal: dbit 1
000A             88   start_signal: dbit 1
000B             89   config_finish_signal: dbit 1
000C             90   
000C             91   Key1_flag: dbit 1
000D             92   PB0_flag: dbit 1 ; start entire program
000E             93   PB1_flag: dbit 1 ; start soak
000F             94   PB2_flag: dbit 1 ; pause process
0010             95   
0010             96   soak_temp_greater: dbit 1 ; target soak_temp greater than current_temp
0011             97   ; 11 bits used
0011             98   ; ---------------------------------------------------------------------------------------------;
0011             99   
0011            100   ; ---------------------------------------------------------------------------------------------;
03D7            101   cseg
03D7            102   CLK            EQU 33333333 ; Microcontroller system crystal frequency in Hz
03D7            103   BAUD                EQU 57600
03D7            104   
03D7            105   TIMER0_RATE    EQU 4096     ; 2048Hz squarewave (peak amplitude of CEM-1203 speaker)
03D7            106   TIMER0_RELOAD  EQU ((65536-(CLK/(12*TIMER0_RATE)))) ; The prescaler in the CV-8052 is always 12 unlike the N76E003 where is selectable.
03D7            107   
03D7            108   TIMER_1_RELOAD EQU (256-((2*CLK)/(12*32*BAUD)))
03D7            109   
03D7            110   TIMER2_RATE    EQU 1000     ; 1000Hz, for a timer tick of 1ms
03D7            111   TIMER2_RELOAD  EQU ((65536-(CLK/(12*TIMER2_RATE))))
03D7            112   
03D7            113   PWM_PERIOD     EQU 1499 ; 1.5s period
03D7            114   
03D7            115   SOUND_OUT      EQU P1.5 ; Pin connected to the speaker
03D7            116   
03D7            117   PWM_OUT             EQU P1.3 ; Pin connected to the ssr for outputing pwm signal
03D7            118   
03D7            119   MAX_POWER           EQU 1500 ; max oven power
03D7            120   NO_POWER            EQU 0    ; no power
03D7            121   BASE_POWER     EQU (MAX_POWER/5) ; 20% base power for state 2, 4
03D7            122   
03D7            123   KP                          EQU 5 ; proportional gain
03D7            124   
03D7            125   ; These 'equ' must match the wiring between the DE10Lite board and the LCD!
03D7            126   ; P0 is in connector JPIO.  Check "CV-8052 Soft Processor in the DE10Lite Board: Getting
03D7            127   ; Started Guide" for the details.
03D7            128   ELCD_RS equ P3.7
03D7            129   ELCD_RW equ P3.5
03D7            130   ELCD_E  equ P3.3
03D7            131   ELCD_D4 equ P3.1
03D7            132   ELCD_D5 equ P2.7
03D7            133   ELCD_D6 equ P2.5
03D7            134   ELCD_D7 equ P2.3
03D7            135   
03D7            136   ;                     1234567890123456 <-- 16 characters per line LCD
03D7 696E6974   137   Initial_Message:  db 'initial message', 0
     69616C20
     6D657373
     61676500
03E7 57656C63   138   String_state0_1:  db 'Welcome        ', 0
     6F6D6520
     20202020
     20202000
03F7 50726573   139   String_state0_2:  db 'Press PB0      ', 0
     73205042
     30202020
     20202000
0407            140   
0407            141   ;                       1234567890123456
0407 53657420   142   String_state1:      db 'Set Parameters ', 0
     50617261
     6D657465
     72732000
0417 536F616B   143   String_soak_temp:   db 'Soak Temp:', 0
     2054656D
     703A00
0422 5265666C   144   String_reflow_temp: db 'Reflow Temp:', 0
     6F772054
     656D703A
     00
042F 536F616B   145   String_soak_time:   db 'Soak Time:', 0
     2054696D
     653A00
043A 5265666C   146   String_reflow_time: db 'Reflow Time:', 0
     6F772054
     696D653A
     00
0447            147   
0447            148   ;                     1234567890123456
0447 52616D70   149   String_state2:    db 'Ramp to Soak   ', 0
     20746F20
     536F616B
     20202000
0457 536F616B   150   String_state3:    db 'Soak Phase     ', 0
     20506861
     73652020
     20202000
0467 52616D70   151   String_state4:    db 'Ramp to Reflow ', 0
     20746F20
     5265666C
     6F772000
0477 5265666C   152   String_state5:    db 'Reflow Phase   ', 0
     6F772050
     68617365
     20202000
0487 436F6F6C   153   String_state6:    db 'Cooling        ', 0
     696E6720
     20202020
     20202000
0497 50726F63   154   String_state7:    db 'Process Done   ', 0
     65737320
     446F6E65
     20202000
04A7            155   
04A7 20202020   156   String_Blank:    db '                ', 0
     20202020
     20202020
     20202020
     00
04B8            157   
04B8            158   
04B8            159   ;----------------------------------------------------------------------------------------------;
04B8            160   ; Timers Setting:
04B8            161   ;   Timer 0: 2kHz square wave generation at P1.5 (speaker)
04B8            162   ;        Timer 1: Serial port baud rate 57600 generator
04B8            163   ;        Timer 2: 1ms interrupt for BCD counter increment/decrement
04B8            164   ;----------------------------------------------------------------------------------------------;
04B8            165   
04B8            166   ; Routine to initialize the ISR for Timer 0 ;
04B8            167   Timer0_Init:
04B8 E589       168            mov a, TMOD
04BA 54F0       169            anl a, #0xf0 ; Clear the bits for timer 0
04BC 4401       170            orl a, #0x01 ; Configure timer 0 as 16-timer
04BE F589       171            mov TMOD, a
04C0 758CFD     172            mov TH0, #high(TIMER0_RELOAD)
04C3 758A5A     173            mov TL0, #low(TIMER0_RELOAD)
04C6            174            ; Enable the timer and interrupts
04C6 D2A9       175       setb ET0  ; Enable timer 0 interrupt
04C8 D28C       176       setb TR0  ; Start timer 0
04CA 22         177            ret
04CB            178   ; ISR for timer 0.  Set to execute every 1/4096Hz 
04CB            179   ; to generate a 2048 Hz square wave at pin P1.5 
04CB            180   Timer0_ISR:
04CB            181            ;clr TF0  ; According to the data sheet this is done for us already.
04CB 758CFD     182            mov TH0, #high(TIMER0_RELOAD) ; Timer 0 doesn't have autoreload in the CV-8052
04CE 758A5A     183            mov TL0, #low(TIMER0_RELOAD)
04D1 B295       184            cpl SOUND_OUT ; Connect speaker to P1.5
04D3 32         185            reti
04D4            186   
04D4            187   ; -----------------------------------------------------------------------------------------------;
04D4            188   
04D4            189   ; Routine to initialize the serial port at 57600 baud (Timer 1 in mode 2)
04D4            190   Initialize_Serial_Port:
04D4            191            ; Configure serial port and baud rate
04D4 C28E       192            clr TR1 ; Disable timer 1
04D6 53890F     193            anl TMOD, #0x0f ; Mask the bits for timer 1
04D9 438920     194            orl TMOD, #0x20 ; Set timer 1 in 8-bit auto reload mode
04DC 438780     195       orl PCON, #80H ; Set SMOD to 1
04DF 758DFD     196            mov TH1, #low(TIMER_1_RELOAD)
04E2 758BFD     197            mov TL1, #low(TIMER_1_RELOAD) 
04E5 D28E       198            setb TR1 ; Enable timer 1
04E7 759852     199            mov SCON, #52H
04EA 22         200            ret
04EB            201   
04EB            202   ; uart sending functions
04EB            203   putchar:
04EB 109902     204            jbc     TI, putchar_L1
04EE 80FB       205            sjmp putchar
04F0            206   putchar_L1:
04F0 F599       207            mov     SBUF,a
04F2 22         208            ret
04F3            209   
04F3            210   SendString:
04F3 E4         211       clr a
04F4 93         212       movc a, @a+dptr
04F5 6006       213       jz SendString_L1
04F7 1204EB     214       lcall putchar
04FA A3         215       inc dptr
04FB 80F6       216       sjmp SendString  
04FD            217   SendString_L1:
04FD 22         218            ret
04FE            219   
04FE            220   ; -----------------------------------------------------------------------------------------------;
04FE            221   
04FE            222   ; serial debugging
04FE            223   ; send a four byte number via serial to laptop
04FE            224   ; need to be used with python script
04FE            225   ; content needed to be sent should be stored in the varaible x
04FE            226   Send32:
04FE            227       ; data format: 0xAA, 0x55, x+3, x+2, x+1, x+0, 0xAH (big endian)
04FE 74AA       228       mov A, #0AAH
0500 1204EB     229       lcall putchar
0503 7455       230       mov A, #055H
0505 1204EB     231       lcall putchar
0508            232   
0508 E535       233       mov A, x+3
050A 1204EB     234       lcall putchar
050D E534       235       mov A, x+2
050F 1204EB     236       lcall putchar
0512 E533       237       mov A, x+1
0514 1204EB     238       lcall putchar
0517 E532       239       mov A, x+0
0519 1204EB     240       lcall putchar
051C            241   
051C 740A       242       mov A, #0AH
051E 1204EB     243       lcall putchar
0521 22         244       ret
0522            245   
0522            246   ;------------------------------------------------------------------------------------------------;
0522            247   ; Routine to initialize the ISR for timer 2 
0522            248   Timer2_Init:
0522 75C800     249            mov T2CON, #0 ; Stop timer/counter.  Autoreload mode.
0525 75CDF5     250            mov TH2, #high(TIMER2_RELOAD)
0528 75CC27     251            mov TL2, #low(TIMER2_RELOAD)
052B            252            ; Set the reload value
052B 75CBF5     253            mov RCAP2H, #high(TIMER2_RELOAD)
052E 75CA27     254            mov RCAP2L, #low(TIMER2_RELOAD)
0531            255            ; Enable the timer and interrupts
0531 D2AD       256       setb ET2  ; Enable timer 2 interrupt
0533 D2CA       257       setb TR2  ; Enable timer 2
0535 22         258            ret
0536            259   
0536            260   ; ISR for timer 2.  Runs every 1 ms ;
0536            261   Timer2_ISR:
0536 C0E0       262            push acc
0538 C0D0       263            push psw
053A C2CF       264            clr TF2  ; Timer 2 doesn't clear TF2 automatically. Do it in ISR
053C            265            ; cpl P1.1 ; Optional debug pin toggle for scope (ensure it's not used elsewhere)
053C            266   
053C            267   ; FSM states timers
053C 0563       268            inc KEY1_DEB_timer
053E 0564       269            inc SEC_FSM_timer
0540            270   
0540 D202       271            setb one_millisecond_flag ; set the one millisecond flag
0542            272   
0542            273   Timer2_ISR_done:
0542 D0D0       274            pop psw
0544 D0E0       275            pop acc
0546 32         276            reti
0547            277   ;-----------------------------------------------------------------------------------------------;
0547            278   
0547            279   ;-----------------------------------------------------------------------------------------------;
0547            280   ; Display Function for 7-segment displays                
0547            281   
0547            282   ; Look-up table for the 7-seg displays. (Segments are turn on with zero) 
0547            283   T_7seg:
0547 C0F9A4B0   284       DB 0xC0, 0xF9, 0xA4, 0xB0, 0x99        ; 0 TO 4
     99
054C 9282F880   285       DB 0x92, 0x82, 0xF8, 0x80, 0x90        ; 4 TO 9
     90
0551 8883C6A1   286       DB 0x88, 0x83, 0xC6, 0xA1, 0x86, 0x8E  ; A to F
     868E
0557            287   
0557            288   ; Displays a BCD number pased in R0 in HEX5-HEX0
0557            289   Display_BCD_7_Seg_HEX10:
0557 900547     290            mov dptr, #T_7seg
055A            291   
055A E8         292            mov a, R0
055B C4         293            swap a
055C 540F       294            anl a, #0FH
055E 93         295            movc a, @a+dptr
055F F592       296            mov HEX1, a
0561            297            
0561 E8         298            mov a, R0
0562 540F       299            anl a, #0FH
0564 93         300            movc a, @a+dptr
0565 F591       301            mov HEX0, a
0567            302            
0567 22         303            ret
0568            304   
0568            305   Display_BCD_7_Seg_HEX32:
0568 900547     306            mov dptr, #T_7seg
056B            307   
056B E8         308            mov a, R0
056C C4         309            swap a
056D 540F       310            anl a, #0FH
056F 93         311            movc a, @a+dptr
0570 F594       312            mov HEX3, a
0572            313            
0572 E8         314            mov a, R0
0573 540F       315            anl a, #0FH
0575 93         316            movc a, @a+dptr
0576 F593       317            mov HEX2, a
0578            318            
0578 22         319            ret
0579            320   
0579            321   Display_BCD_7_Seg_HEX54:
0579 900547     322            mov dptr, #T_7seg
057C            323   
057C E8         324            mov a, R0
057D C4         325            swap a
057E 540F       326            anl a, #0FH
0580 93         327            movc a, @a+dptr
0581 F58F       328            mov HEX5, a
0583            329            
0583 E8         330            mov a, R0
0584 540F       331            anl a, #0FH
0586 93         332            movc a, @a+dptr
0587 F58E       333            mov HEX4, a
0589            334            
0589 22         335            ret
058A            336   
058A            337   ; The 8-bit hex number passed in the accumulator is converted to
058A            338   ; BCD and stored in [R1, R0]
058A            339   Hex_to_bcd_8bit:
058A 75F064     340            mov b, #100
058D 84         341            div ab
058E F9         342            mov R1, a   ; After dividing, a has the 100s
058F E5F0       343            mov a, b    ; Remainder is in register b
0591 75F00A     344            mov b, #10
0594 84         345            div ab ; The tens are stored in a, the units are stored in b 
0595 C4         346            swap a
0596 54F0       347            anl a, #0xf0
0598 45F0       348            orl a, b
059A F8         349            mov R0, a
059B 22         350            ret
059C            351   
059C            352   ;------------------------------------------------------------------;
059C            353   ; Display Function for LCD                                               
059C            354   LCD_Display_Update_func:
059C C0E0       355            push acc
059E E567       356            mov a, Control_FSM_state
05A0            357   
05A0            358   LCD_Display_Update_0:
05A0 B4003B     359            cjne a, #0, LCD_Display_Update_1
05A3 C0E0       360            push acc
05A5 7401       360            mov a, #1
05A7 14         360            dec a
05A8 1200CA     360            lcall ?Set_Cursor_1 ; Select column and row
05AB D0E0       360            pop acc
05AD C083       361            push dph
05AF C082       361            push dpl
05B1 C0E0       361            push acc
05B3 9003E7     361            mov dptr, #String_state0_1
05B6 1200BD     361            lcall ?Send_Constant_String
05B9 D0E0       361            pop acc
05BB D082       361            pop dpl
05BD D083       361            pop dph
05BF C0E0       362            push acc
05C1 7401       362            mov a, #1
05C3 14         362            dec a
05C4 1200C8     362            lcall ?Set_Cursor_2 ; Select column and row
05C7 D0E0       362            pop acc
05C9 C083       363            push dph
05CB C082       363            push dpl
05CD C0E0       363            push acc
05CF 9003F7     363            mov dptr, #String_state0_2
05D2 1200BD     363            lcall ?Send_Constant_String
05D5 D0E0       363            pop acc
05D7 D082       363            pop dpl
05D9 D083       363            pop dph
05DB 0206CC     364            ljmp LCD_Display_Update_done
05DE            365   
05DE            366   LCD_Display_Update_1:
05DE B4011F     367            cjne a, #1, LCD_Display_Update_2
05E1 C0E0       368            push acc
05E3 7401       368            mov a, #1
05E5 14         368            dec a
05E6 1200CA     368            lcall ?Set_Cursor_1 ; Select column and row
05E9 D0E0       368            pop acc
05EB C083       369            push dph
05ED C082       369            push dpl
05EF C0E0       369            push acc
05F1 900407     369            mov dptr, #String_state1
05F4 1200BD     369            lcall ?Send_Constant_String
05F7 D0E0       369            pop acc
05F9 D082       369            pop dpl
05FB D083       369            pop dph
05FD 0206CC     370            ljmp LCD_Display_Update_done
0600            371   
0600            372   LCD_Display_Update_2:
0600 B4021F     373            cjne a, #2, LCD_Display_Update_3
0603 C0E0       374            push acc
0605 7401       374            mov a, #1
0607 14         374            dec a
0608 1200CA     374            lcall ?Set_Cursor_1 ; Select column and row
060B D0E0       374            pop acc
060D C083       375            push dph
060F C082       375            push dpl
0611 C0E0       375            push acc
0613 900447     375            mov dptr, #String_state2
0616 1200BD     375            lcall ?Send_Constant_String
0619 D0E0       375            pop acc
061B D082       375            pop dpl
061D D083       375            pop dph
061F 0206CC     376            ljmp LCD_Display_Update_done
0622            377   
0622            378   LCD_Display_Update_3:
0622 B4031F     379            cjne a, #3, LCD_Display_Update_4
0625 C0E0       380            push acc
0627 7401       380            mov a, #1
0629 14         380            dec a
062A 1200CA     380            lcall ?Set_Cursor_1 ; Select column and row
062D D0E0       380            pop acc
062F C083       381            push dph
0631 C082       381            push dpl
0633 C0E0       381            push acc
0635 900457     381            mov dptr, #String_state3
0638 1200BD     381            lcall ?Send_Constant_String
063B D0E0       381            pop acc
063D D082       381            pop dpl
063F D083       381            pop dph
0641 0206CC     382            ljmp LCD_Display_Update_done
0644            383   
0644            384   LCD_Display_Update_4:
0644 B4041F     385            cjne a, #4, LCD_Display_Update_5
0647 C0E0       386            push acc
0649 7401       386            mov a, #1
064B 14         386            dec a
064C 1200CA     386            lcall ?Set_Cursor_1 ; Select column and row
064F D0E0       386            pop acc
0651 C083       387            push dph
0653 C082       387            push dpl
0655 C0E0       387            push acc
0657 900467     387            mov dptr, #String_state4
065A 1200BD     387            lcall ?Send_Constant_String
065D D0E0       387            pop acc
065F D082       387            pop dpl
0661 D083       387            pop dph
0663 0206CC     388            ljmp LCD_Display_Update_done
0666            389   
0666            390   LCD_Display_Update_5:
0666 B4051F     391            cjne a, #5, LCD_Display_Update_6
0669 C0E0       392            push acc
066B 7401       392            mov a, #1
066D 14         392            dec a
066E 1200CA     392            lcall ?Set_Cursor_1 ; Select column and row
0671 D0E0       392            pop acc
0673 C083       393            push dph
0675 C082       393            push dpl
0677 C0E0       393            push acc
0679 900477     393            mov dptr, #String_state5
067C 1200BD     393            lcall ?Send_Constant_String
067F D0E0       393            pop acc
0681 D082       393            pop dpl
0683 D083       393            pop dph
0685 0206CC     394            ljmp LCD_Display_Update_done
0688            395   
0688            396   LCD_Display_Update_6:
0688 B4061F     397            cjne a, #6, LCD_Display_Update_7
068B C0E0       398            push acc
068D 7401       398            mov a, #1
068F 14         398            dec a
0690 1200CA     398            lcall ?Set_Cursor_1 ; Select column and row
0693 D0E0       398            pop acc
0695 C083       399            push dph
0697 C082       399            push dpl
0699 C0E0       399            push acc
069B 900487     399            mov dptr, #String_state6
069E 1200BD     399            lcall ?Send_Constant_String
06A1 D0E0       399            pop acc
06A3 D082       399            pop dpl
06A5 D083       399            pop dph
06A7 0206CC     400            ljmp LCD_Display_Update_done
06AA            401   
06AA            402   LCD_Display_Update_7:
06AA B4071F     403            cjne a, #7, LCD_Display_Update_done
06AD C0E0       404            push acc
06AF 7401       404            mov a, #1
06B1 14         404            dec a
06B2 1200CA     404            lcall ?Set_Cursor_1 ; Select column and row
06B5 D0E0       404            pop acc
06B7 C083       405            push dph
06B9 C082       405            push dpl
06BB C0E0       405            push acc
06BD 900497     405            mov dptr, #String_state7
06C0 1200BD     405            lcall ?Send_Constant_String
06C3 D0E0       405            pop acc
06C5 D082       405            pop dpl
06C7 D083       405            pop dph
06C9 0206CC     406            ljmp LCD_Display_Update_done
06CC            407   
06CC            408   LCD_Display_Update_done:
06CC D0E0       409            pop acc
06CE 22         410            ret
06CF            411   
06CF            412   ;-------------------------------------------------------------------------------
06CF            413   ; non-blocking state machine for KEY1 debounce
06CF            414   KEY1_DEB:
06CF E565       415            mov a, KEY1_DEB_state
06D1            416   KEY1_DEB_state0:
06D1 B4000A     417            cjne a, #0, KEY1_DEB_state1
06D4 20F92D     418            jb KEY.1, KEY1_DEB_done
06D7 756300     419            mov KEY1_DEB_timer, #0
06DA 0565       420            inc KEY1_DEB_state
06DC 8026       421            sjmp KEY1_DEB_done
06DE            422   KEY1_DEB_state1:
06DE B40109     423            cjne a, #1, KEY1_DEB_state2
06E1            424            ; this is the debounce state
06E1 E563       425            mov a, KEY1_DEB_timer
06E3 B4321E     426            cjne a, #50, KEY1_DEB_done ; 50 ms passed?
06E6 0565       427            inc KEY1_DEB_state
06E8 801A       428            sjmp KEY1_DEB_done      
06EA            429   KEY1_DEB_state2:
06EA B4020C     430            cjne a, #2, KEY1_DEB_state3
06ED 20F904     431            jb KEY.1, KEY1_DEB_state2b
06F0 0565       432            inc KEY1_DEB_state
06F2 8010       433            sjmp KEY1_DEB_done      
06F4            434   KEY1_DEB_state2b:
06F4 756500     435            mov KEY1_DEB_state, #0
06F7 800B       436            sjmp KEY1_DEB_done
06F9            437   KEY1_DEB_state3:
06F9 B40308     438            cjne a, #3, KEY1_DEB_done
06FC 30F905     439            jnb KEY.1, KEY1_DEB_done
06FF D20C       440            setb Key1_flag ; Suscesfully detected a valid KEY1 press/release
0701 756500     441            mov KEY1_DEB_state, #0  
0704            442   KEY1_DEB_done:
0704 22         443            ret
0705            444   ; ------------------------------------------------------------------------------
0705            445   
0705            446   ;-------------------------------------------------------------------------------
0705            447   ; non-blocking FSM for the one second counter
0705            448   SEC_FSM:
0705 E566       449            mov a, SEC_FSM_state
0707            450   SEC_FSM_state0:
0707 B4000C     451            cjne a, #0, SEC_FSM_state1
070A E564       452            mov a, SEC_FSM_timer
070C B4FA47     453            cjne a, #250, SEC_FSM_done ; 250 ms passed?
070F 756400     454            mov SEC_FSM_timer, #0
0712 0566       455            inc SEC_FSM_state
0714 8040       456            sjmp SEC_FSM_done
0716            457   SEC_FSM_state1:  
0716 B4010E     458            cjne a, #1, SEC_FSM_state2
0719 D2E9       459            setb LEDRA.1
071B E564       460            mov a, SEC_FSM_timer
071D B4FA36     461            cjne a, #250, SEC_FSM_done ; 250 ms passed?
0720 756400     462            mov SEC_FSM_timer, #0
0723 0566       463            inc SEC_FSM_state
0725 802F       464            sjmp SEC_FSM_done
0727            465   SEC_FSM_state2:  
0727 B4020E     466            cjne a, #2, SEC_FSM_state3
072A D2EA       467            setb LEDRA.2
072C E564       468            mov a, SEC_FSM_timer
072E B4FA25     469            cjne a, #250, SEC_FSM_done ; 250 ms passed?
0731 756400     470            mov SEC_FSM_timer, #0
0734 0566       471            inc SEC_FSM_state
0736 801E       472            sjmp SEC_FSM_done
0738            473   SEC_FSM_state3:  
0738 B4031B     474            cjne a, #3, SEC_FSM_done
073B D2EB       475            setb LEDRA.3
073D E564       476            mov a, SEC_FSM_timer
073F B4FA14     477            cjne a, #250, SEC_FSM_done ; 250 ms passed?
0742 756400     478            mov SEC_FSM_timer, #0
0745 756600     479            mov SEC_FSM_state, #0
0748 E530       480            mov a, current_time_sec
074A B43B05     481            cjne a, #59, IncCurrentTimeSec ; Don't let the seconds counter pass 59
074D 753000     482            mov current_time_sec, #0
0750 8004       483            sjmp SEC_FSM_done
0752            484   IncCurrentTimeSec:
0752 0530       485            inc current_time_sec
0754 B2E8       486            cpl LEDRA.0 ; 1 Hz heartbeat LED
0756            487   SEC_FSM_done:
0756 22         488            ret
0757            489   
0757            490   
0757            491   ;-------------------------------------------------------------------------------
0757            492   ; power_control
0757            493   ;-------------------------------------------------------------------------------
0757            494   ; Determine the power output based on current state and current temperature 
0757            495   ; input parameter: Control_FSM_state
0757            496   ;-------------------------------------------------------------------------------
0757            497   
0757            498   power_control:
0757 E567       499            mov a, Control_FSM_state
0759            500   
0759            501   state0_power_control:
0759            502            ; idle
0759            503            ; 0% power
0759 B4000F     504            cjne a, #0, state1_power_control
075C 755700     505            mov power_output, #low(NO_POWER)
075F 755800     506            mov power_output+1, #low(NO_POWER)
0762 755900     507            mov power_output+2, #0
0765 755A00     508            mov power_output+3, #0
0768 020903     509            ljmp power_control_done
076B            510   
076B            511   state1_power_control:
076B            512            ; idle
076B            513            ; 0% power
076B B4010F     514            cjne a, #1, state2_power_control
076E 755700     515            mov power_output, #low(NO_POWER)
0771 755800     516            mov power_output+1, #low(NO_POWER)
0774 755900     517            mov power_output+2, #0
0777 755A00     518            mov power_output+3, #0
077A 020903     519            ljmp power_control_done
077D            520            
077D            521   state2_power_control:
077D            522            ; ramp to soak, ramp to ~150C
077D            523            ; 100% power
077D B4020F     524            cjne a, #2, state3_power_control
0780 7557DC     525            mov power_output, #low(MAX_POWER)
0783 755805     526            mov power_output+1, #high(MAX_POWER)
0786 755900     527            mov power_output+2, #0
0789 755A00     528            mov power_output+3, #0
078C 020903     529            ljmp power_control_done
078F            530   
078F            531   state3_power_control:
078F            532            ; soak period, hold at 150C
078F            533            ; 20% base power + proportional calculated power
078F B40302     534            cjne a, #3, jump_state4_power_control
0792 8003       535            sjmp state3_power_control_calculation
0794            536   
0794            537   jump_state4_power_control:
0794 0208C1     538            ljmp state4_power_control
0797            539   
0797            540   state3_power_control_calculation:
0797            541            ; move soak_temp to x
0797 854332     542            mov x, soak_temp
079A 854433     543            mov x+1, soak_temp+1
079D 854534     544            mov x+2, soak_temp+2
07A0 854635     545            mov x+3, soak_temp+3
07A3            546            ; move current_temp to y
07A3 853F36     547            mov y, current_temp
07A6 854037     548            mov y+1, current_temp+1
07A9 854138     549            mov y+2, current_temp+2
07AC 854239     550            mov y+3, current_temp+3
07AF            551   
07AF            552            ; compare between soak_temp and current_temp
07AF C200       553            clr mf
07B1 12022F     554            lcall x_gteq_y
07B4 10002B     555            jbc mf, st_sub_ct
07B7            556            ; current_temp - soak_temp if st < ct
07B7 C210       557            clr soak_temp_greater
07B9            558            ; move current_temp to y
07B9 854336     559            mov y, soak_temp
07BC 854437     560            mov y+1, soak_temp+1
07BF 854538     561            mov y+2, soak_temp+2
07C2 854639     562            mov y+3, soak_temp+3
07C5            563            ; move current_temp to x
07C5 853F32     564            mov x, current_temp
07C8 854033     565            mov x+1, current_temp+1
07CB 854134     566            mov x+2, current_temp+2
07CE 854235     567            mov x+3, current_temp+3
07D1 1201AD     568            lcall sub32
07D4 85325F     569            mov soak_temp_diff, x
07D7 853360     570            mov soak_temp_diff+1, x+1
07DA 853461     571            mov soak_temp_diff+2, x+2
07DD 853562     572            mov soak_temp_diff+3, x+3
07E0 8011       573            sjmp proportional_input_soak
07E2            574   
07E2            575   st_sub_ct:
07E2            576            ; soak_temp - current_temp
07E2 D210       577            setb soak_temp_greater
07E4 1201AD     578            lcall sub32
07E7 85325F     579            mov soak_temp_diff, x
07EA 853360     580            mov soak_temp_diff+1, x+1
07ED 853461     581            mov soak_temp_diff+2, x+2
07F0 853562     582            mov soak_temp_diff+3, x+3
07F3            583   
07F3            584   proportional_input_soak:
07F3            585            ; proportaional block calculation       
07F3            586            ; move soak_temp_diff to x
07F3 855F32     587            mov x, soak_temp_diff
07F6 856033     588            mov x+1, soak_temp_diff+1
07F9 856134     589            mov x+2, soak_temp_diff+2
07FC 856235     590            mov x+3, soak_temp_diff+3
07FF            591            ; move proportional gain to y
07FF 753605     592            mov y+0, #low (KP % 0x10000) 
0802 753700     592            mov y+1, #high(KP % 0x10000) 
0805 753800     592            mov y+2, #low (KP / 0x10000) 
0808 753900     592            mov y+3, #high(KP / 0x10000) 
080B 120243     593            lcall mul32 ; proportional_output = proportional_gain * difference
080E            594            
080E 853268     595            mov proportional_gain_var, x
0811 853369     596            mov proportional_gain_var+1, x+1
0814 85346A     597            mov proportional_gain_var+2, x+2
0817 85356B     598            mov proportional_gain_var+3, x+3
081A            599   
081A            600            ; base_power + soak_power when soak_temp > current_temp
081A 301029     601            jnb soak_temp_greater, sub_proportional_soak
081D 856832     602            mov x, proportional_gain_var
0820 856933     603            mov x+1, proportional_gain_var+1
0823 856A34     604            mov x+2, proportional_gain_var+2
0826 856B35     605            mov x+3, proportional_gain_var+3
0829 75362C     606            mov y+0, #low (BASE_POWER % 0x10000) 
082C 753701     606            mov y+1, #high(BASE_POWER % 0x10000) 
082F 753800     606            mov y+2, #low (BASE_POWER / 0x10000) 
0832 753900     606            mov y+3, #high(BASE_POWER / 0x10000) 
0835 12018A     607            lcall add32
0838            608            ; x now holds the power output before the saturator
0838 853268     609            mov proportional_gain_var, x
083B 853369     610            mov proportional_gain_var+1, x+1
083E 85346A     611            mov proportional_gain_var+2, x+2
0841 85356B     612            mov proportional_gain_var+3, x+3
0844 803D       613            sjmp saturator_soak
0846            614   
0846            615   sub_proportional_soak:
0846            616            ; base_power - soak_power when soak_temp <= current_temp
0846 75322C     617            mov x+0, #low (BASE_POWER % 0x10000) 
0849 753301     617            mov x+1, #high(BASE_POWER % 0x10000) 
084C 753400     617            mov x+2, #low (BASE_POWER / 0x10000) 
084F 753500     617            mov x+3, #high(BASE_POWER / 0x10000) 
0852 856836     618            mov y, proportional_gain_var
0855 856937     619            mov y+1, proportional_gain_var+1
0858 856A38     620            mov y+2, proportional_gain_var+2
085B 856B39     621            mov y+3, proportional_gain_var+3
085E            622   
085E            623            ; compare whether base_power < proportional_gain_var
085E C200       624            clr mf
0860 1201D1     625            lcall x_lt_y ; set mf to 1 if base_power < proportional_gain_var, clamp output to 0
0863 30000E     626            jnb mf, bp_gteq_pgv
0866 756800     627            mov proportional_gain_var, #low(NO_POWER)
0869 756900     628            mov proportional_gain_var+1, #high(NO_POWER)
086C 756A00     629            mov proportional_gain_var+2, #0
086F 756B00     630            mov proportional_gain_var+3, #0
0872 800F       631            sjmp saturator_soak
0874            632   
0874            633   bp_gteq_pgv:
0874            634            ; calculate subtracted gain
0874 1201AD     635            lcall sub32
0877            636            ; x now holds the power output before the saturator
0877 853268     637            mov proportional_gain_var, x
087A 853369     638            mov proportional_gain_var+1, x+1
087D 85346A     639            mov proportional_gain_var+2, x+2
0880 85356B     640            mov proportional_gain_var+3, x+3
0883            641   
0883            642   saturator_soak:
0883            643            ; proportional_gain_var now holds the power output before the saturator
0883            644            ; saturate power output to max power
0883 856832     645            mov x, proportional_gain_var
0886 856933     646            mov x+1, proportional_gain_var+1
0889 856A34     647            mov x+2, proportional_gain_var+2
088C 856B35     648            mov x+3, proportional_gain_var+3
088F            649   
088F 7536DC     650            mov y+0, #low (MAX_POWER % 0x10000) 
0892 753705     650            mov y+1, #high(MAX_POWER % 0x10000) 
0895 753800     650            mov y+2, #low (MAX_POWER / 0x10000) 
0898 753900     650            mov y+3, #high(MAX_POWER / 0x10000) 
089B            651   
089B C200       652            clr mf
089D 1201ED     653            lcall x_gt_y ; set mf to 1 if calculated power output greater than max power
08A0 20000F     654            jb mf, saturated_soak
08A3            655            ; set power_output to calculated power if not saturated
08A3 856857     656            mov power_output, proportional_gain_var
08A6 856958     657            mov power_output+1, proportional_gain_var+1
08A9 856A59     658            mov power_output+2, proportional_gain_var+2
08AC 856B5A     659            mov power_output+3, proportional_gain_var+3
08AF 020903     660            ljmp power_control_done
08B2            661   
08B2            662   saturated_soak:
08B2 7557DC     663            mov power_output, #low(MAX_POWER)
08B5 755805     664            mov power_output+1, #high(MAX_POWER)
08B8 755900     665            mov power_output+2, #0
08BB 755A00     666            mov power_output+3, #0
08BE 020903     667            ljmp power_control_done
08C1            668   
08C1            669   
08C1            670   state4_power_control:
08C1            671            ; ramp to reflow, max power
08C1 B4040F     672            cjne a, #4, state5_power_control
08C4 7557DC     673            mov power_output, #low(MAX_POWER)
08C7 755805     674            mov power_output+1, #high(MAX_POWER)
08CA 755900     675            mov power_output+2, #0
08CD 755A00     676            mov power_output+3, #0
08D0 020903     677            ljmp power_control_done
08D3            678   
08D3            679   state5_power_control:
08D3            680            ; reflow 20% base power
08D3 B4050F     681            cjne a, #5, state6_power_control
08D6 75572C     682            mov power_output, #low(BASE_POWER)  
08D9 755801     683            mov power_output+1, #high(BASE_POWER)
08DC 755900     684            mov power_output+2, #0
08DF 755A00     685            mov power_output+3, #0
08E2 020903     686            ljmp power_control_done
08E5            687   
08E5            688   state6_power_control:
08E5            689            ; cooling 0% power
08E5 B4060F     690            cjne a, #6, state_7_power_control
08E8 755700     691            mov power_output, #low(NO_POWER)
08EB 755800     692            mov power_output+1, #high(NO_POWER)
08EE 755900     693            mov power_output+2, #0
08F1 755A00     694            mov power_output+3, #0
08F4 020903     695            ljmp power_control_done
08F7            696   
08F7            697   state_7_power_control:
08F7            698            ; idle 0% power
08F7 755700     699            mov power_output, #low(NO_POWER)
08FA 755800     700            mov power_output+1, #high(NO_POWER)
08FD 755900     701            mov power_output+2, #0
0900 755A00     702            mov power_output+3, #0
0903            703   
0903            704   power_control_done:
0903 22         705            ret
0904            706   
0904            707   
0904            708   
0904            709   ;-------------------------------------------------------------------------------
0904            710   ; PWM
0904            711   ; generate pwm signal for the ssr ; 1.5s period for the pwm signal; with 1 watt 
0904            712   ; clarity for the pwm signal; input parameter: power_output; used buffers: x, y
0904            713   PWM_Wave: ; call pwm generator when 1 ms flag is triggered
0904 100202     714            jbc one_millisecond_flag, pwm_wave_generator
0907 8071       715            sjmp end_pwm_generator
0909            716   
0909            717   pwm_wave_generator:
0909 C200       718            clr mf
090B            719            ; move pwm counter value into x for comparison purpose
090B 855B32     720            mov x, pwm_counter
090E 855C33     721            mov x+1, pwm_counter+1
0911 855D34     722            mov x+2, pwm_counter+2
0914 855E35     723            mov x+3, pwm_counter+3
0917            724   
0917 7536DB     725            mov y+0, #low (PWM_PERIOD % 0x10000) 
091A 753705     725            mov y+1, #high(PWM_PERIOD % 0x10000) 
091D 753800     725            mov y+2, #low (PWM_PERIOD / 0x10000) 
0920 753900     725            mov y+3, #high(PWM_PERIOD / 0x10000) 
0923            726   
0923            727            ; compare x(pwm_counter) and y(1499) if x=y, wrap x back to 0; else increase x by 1
0923 120209     728            lcall x_eq_y 
0926 20001D     729            jb mf, wrap_pwm_counter
0929            730            ; x not equal 1499, increment by 1
0929 753601     731            mov y+0, #low (1 % 0x10000) 
092C 753700     731            mov y+1, #high(1 % 0x10000) 
092F 753800     731            mov y+2, #low (1 / 0x10000) 
0932 753900     731            mov y+3, #high(1 / 0x10000) 
0935 12018A     732            lcall add32
0938            733            ; update pwm_counter
0938 85325B     734            mov pwm_counter, x
093B 85335C     735            mov pwm_counter+1, x+1
093E 85345D     736            mov pwm_counter+2, x+2
0941 85355E     737            mov pwm_counter+3, x+3
0944 8018       738            sjmp set_pwm
0946            739   
0946            740   wrap_pwm_counter:
0946            741            ; x equal 1499, wrap to 0
0946 753200     742            mov x+0, #low (0 % 0x10000) 
0949 753300     742            mov x+1, #high(0 % 0x10000) 
094C 753400     742            mov x+2, #low (0 / 0x10000) 
094F 753500     742            mov x+3, #high(0 / 0x10000) 
0952 85325B     743            mov pwm_counter, x
0955 85335C     744            mov pwm_counter+1, x+1
0958 85345D     745            mov pwm_counter+2, x+2
095B 85355E     746            mov pwm_counter+3, x+3
095E            747   
095E            748   set_pwm:
095E            749            ; compare with power_output, if pwm counter smaller than power_output, set pwm pin high; else set pwm pin low
095E            750            ; load y with power output value
095E 855736     751            mov y, power_output
0961 855837     752            mov y+1, power_output+1
0964 855938     753            mov y+2, power_output+2
0967 855A39     754            mov y+3, power_output+3
096A            755   
096A            756            ; compare x(pwm counter) with y(power output)
096A 1201D1     757            lcall x_lt_y
096D 200006     758            jb mf, set_pwm_high ; set pwm pin high if pwm counter smaller than power output
0970            759            ; set pwm pin low if pwm counter greater than power output
0970 C293       760            clr PWM_OUT
0972 C2EC       761            clr LEDRA.4
0974 8004       762            sjmp end_pwm_generator
0976            763   
0976            764   set_pwm_high:
0976 D293       765            setb PWM_OUT
0978 D2EC       766            setb LEDRA.4
097A            767   
097A            768   end_pwm_generator:
097A 22         769            ret
097B            770   ;-------------------------------------------------------------------------------;
097B            771   
097B            772   ;-------------------------------------------------------------------------------;
097B            773   ; main control fsm for the entire process
097B            774   Control_FSM:
097B E567       775            mov a, Control_FSM_state
097D 8003       776            sjmp Control_FSM_state0
097F            777   
097F            778   Control_FSM_state0_a:
097F 756700     779            mov Control_FSM_state, #0
0982            780   Control_FSM_state0:
0982 B40007     781            cjne a, #0, Control_FSM_state1
0985 100D02     782            jbc PB0_flag, Control_FSM_state1_a
0988 8057       783            sjmp Control_FSM_done
098A            784   
098A            785   Control_FSM_state1_a:
098A 0567       786            inc Control_FSM_state
098C            787   Control_FSM_state1:
098C B4010C     788            cjne a, #1, Control_FSM_state2
098F 100E02     789            jbc PB1_flag, Control_FSM_state1_b
0992 804D       790            sjmp Control_FSM_done
0994            791   Control_FSM_state1_b:
0994 100B02     792            jbc config_finish_signal, Control_FSM_state2_a
0997 8048       793            sjmp Control_FSM_done
0999            794   
0999            795   Control_FSM_state2_a:
0999 0567       796            inc Control_FSM_state
099B            797   Control_FSM_state2:
099B B4020A     798            cjne a, #2, Control_FSM_state3
099E 100F2C     799            jbc PB2_flag, Control_FSM_state6_a
09A1 100302     800            jbc soak_temp_reached, Control_FSM_state3_a
09A4 803B       801            sjmp Control_FSM_done
09A6            802   
09A6            803   Control_FSM_state3_a:
09A6 0567       804            inc Control_FSM_state
09A8            805   Control_FSM_state3:
09A8 B4030A     806            cjne a, #3, Control_FSM_state4
09AB 100F1F     807            jbc PB2_flag, Control_FSM_state6_a
09AE 100602     808            jbc soak_time_reached, Control_FSM_state4_a
09B1 802E       809            sjmp Control_FSM_done
09B3            810   
09B3            811   Control_FSM_state4_a:
09B3 0567       812            inc Control_FSM_state   
09B5            813   Control_FSM_state4:
09B5 B4040A     814            cjne a, #4, Control_FSM_state5
09B8 100F12     815            jbc PB2_flag, Control_FSM_state6_a
09BB 100402     816            jbc reflow_temp_reached, Control_FSM_state5_a
09BE 8021       817            sjmp Control_FSM_done
09C0            818   
09C0            819   Control_FSM_state5_a:
09C0 0567       820            inc Control_FSM_state
09C2            821   Control_FSM_state5:
09C2 B4050A     822            cjne a, #5, Control_FSM_state6
09C5 100F05     823            jbc PB2_flag, Control_FSM_state6_a
09C8 100702     824            jbc reflow_time_reached, Control_FSM_state6_a
09CB 8014       825            sjmp Control_FSM_done
09CD            826   
09CD            827   Control_FSM_state6_a:
09CD 0567       828            inc Control_FSM_state
09CF            829   Control_FSM_state6:
09CF B4060F     830            cjne a, #6, Control_FSM_done
09D2 100502     831            jbc cooling_temp_reached, Control_FSM_state7_a
09D5 800A       832            sjmp Control_FSM_done
09D7            833   
09D7            834   Control_FSM_state7_a:
09D7 0567       835            inc Control_FSM_state
09D9            836   Control_FSM_state7:
09D9 B40705     837            cjne a, #7, Control_FSM_done
09DC 100DA0     838            jbc PB0_flag, Control_FSM_state0_a
09DF 8000       839            sjmp Control_FSM_done
09E1            840   
09E1            841   Control_FSM_done:
09E1 22         842            ret
09E2            843   ;-------------------------------------------------------------------------------;
09E2            844   
09E2            845   
09E2            846   ;---------------------------------;
09E2            847   ;         Main program.           ;
09E2            848   ;---------------------------------;
09E2            849   main:
09E2            850            ; -------------------------------------------------------------------;
09E2            851            ; Initialization
09E2 75817F     852       mov SP, #0x7F
09E5            853   
09E5            854            ; We use the pins of P0 to control the LCD.  Configure as outputs.
09E5 759A7F     855       mov P0MOD, #01111111b ; P0.0 to P0.6 are outputs.  ('1' makes the pin output)
09E8            856       ; We use pins P1.5 and P1.1 as outputs also.  Configure accordingly.
09E8 759B22     857       mov P1MOD, #00100010b ; P1.5 and P1.1 are outputs
09EB 759CFF     858       mov P2MOD, #0xff
09EE 759DFF     859       mov P3MOD, #0xff
09F1            860       ; Turn off all the LEDs
09F1 75E800     861       mov LEDRA, #0 ; LEDRA is bit addressable
09F4 759500     862       mov LEDRB, #0 ; LEDRB is NOT bit addresable
09F7            863   
09F7            864            ; Enable Global interrupts
09F7 D2AF       865       setb EA  
09F9            866   
09F9            867            ; FSM initial states
09F9 756500     868            mov KEY1_DEB_state, #0
09FC 756600     869            mov SEC_FSM_state, #0
09FF 756700     870            mov Control_FSM_state, #0
0A02            871            ; FSM timers initialization
0A02 756300     872            mov KEY1_DEB_timer, #0
0A05 756400     873            mov SEC_FSM_timer, #0
0A08            874            ; time counters initialization
0A08 753000     875            mov current_time_sec, #0
0A0B 753100     876            mov current_time_minute, #0
0A0E            877            ; Initialize counter to zero
0A0E 755B00     878       mov pwm_counter, #0
0A11 755C00     879            mov pwm_counter+1, #0
0A14 755D00     880            mov pwm_counter+2, #0
0A17 755E00     881            mov pwm_counter+3, #0
0A1A            882            ; Initialize power output
0A1A 755A00     883            mov power_output+3, #0
0A1D 755900     884            mov power_output+2, #0
0A20 755802     885            mov power_output+1, #02H
0A23 7557EE     886            mov power_output, #0EEH ; (initilize to 750 for testing)
0A26            887   
0A26            888            ; Clear all the flags
0A26 C20D       889            clr PB0_flag
0A28 C20E       890            clr PB1_flag
0A2A C20F       891            clr PB2_flag
0A2C C201       892            clr one_second_flag
0A2E C20B       893            clr config_finish_signal
0A30 C203       894            clr soak_temp_reached
0A32 C206       895            clr soak_time_reached
0A34 C204       896            clr reflow_temp_reached
0A36 C207       897            clr reflow_time_reached
0A38 C205       898            clr cooling_temp_reached
0A3A            899   
0A3A 1204B8     900            lcall Timer0_Init
0A3D 120522     901       lcall Timer2_Init
0A40 12008A     902            lcall ELCD_4BIT
0A43 1204D4     903            lcall Initialize_Serial_Port
0A46            904   
0A46            905   loop:
0A46            906            ; Check the FSM for KEY1 debounce
0A46 1206CF     907            lcall KEY1_DEB
0A49            908   
0A49            909            ; Check the FSM for one second counter
0A49 120705     910            lcall SEC_FSM
0A4C            911   
0A4C            912            ; Check the FSM for the overall control flow of the reflow process
0A4C 12097B     913            lcall Control_FSM
0A4F            914   
0A4F            915            ; Update the LCD display based on the current state
0A4F            916            ;lcall LCD_Display_Update_func
0A4F            917   
0A4F            918            ; Update the pwm output for the ssr
0A4F 120904     919            lcall PWM_Wave 
0A52            920   
0A52            921            ; After initialization the program stays in this 'forever' loop
0A52 020A46     922            ljmp loop
0A55            923   
0A55            924   END
